<?xml version="1.0" encoding="UTF-8" ?>
<testsuite failures="0" time="0.152" errors="0" skipped="0" tests="12" name="cz.muni.fi.pa165.vozovypark.ServiceTests.ReservationServiceJUnitTest">
  <properties>
[...]
</properties>
  <testcase time="0.054" classname="cz.muni.fi.pa165.vozovypark.ServiceTests.ReservationServiceJUnitTest" name="testGetReservationsByCarAndEmployee"/>
  <testcase time="0.009" classname="cz.muni.fi.pa165.vozovypark.ServiceTests.ReservationServiceJUnitTest" name="testGetReservationById"/>
  <testcase time="0.012" classname="cz.muni.fi.pa165.vozovypark.ServiceTests.ReservationServiceJUnitTest" name="testGetAllReservations"/>
  <testcase time="0.007" classname="cz.muni.fi.pa165.vozovypark.ServiceTests.ReservationServiceJUnitTest" name="testGetReservationsByEmployee"/>
  <testcase time="0.005" classname="cz.muni.fi.pa165.vozovypark.ServiceTests.ReservationServiceJUnitTest" name="testGetReservationsByCar"/>
  <testcase time="0.005" classname="cz.muni.fi.pa165.vozovypark.ServiceTests.ReservationServiceJUnitTest" name="testGetReservationsToConfirm"/>
  <testcase time="0.004" classname="cz.muni.fi.pa165.vozovypark.ServiceTests.ReservationServiceJUnitTest" name="testAcceptReservation"/>
  <testcase time="0.014" classname="cz.muni.fi.pa165.vozovypark.ServiceTests.ReservationServiceJUnitTest" name="testUpdateReservation"/>
  <testcase time="0.017" classname="cz.muni.fi.pa165.vozovypark.ServiceTests.ReservationServiceJUnitTest" name="testCreateReservation"/>
  <testcase time="0.003" classname="cz.muni.fi.pa165.vozovypark.ServiceTests.ReservationServiceJUnitTest" name="testRemoveReservation"/>
  <testcase time="0.007" classname="cz.muni.fi.pa165.vozovypark.ServiceTests.ReservationServiceJUnitTest" name="testRentCar"/>
  <testcase time="0.007" classname="cz.muni.fi.pa165.vozovypark.ServiceTests.ReservationServiceJUnitTest" name="testReturnCar"/>
</testsuite>